<?xml version="1.0" encoding="UTF-8"?>
<!-- Generated by org.testng.reporters.JUnitReportReporter -->
<testsuite skipped="0" hostname="HugoMorArj-PC" name="com.speedtest.net.speedtest.ConnectionSpeedTest" tests="1" failures="0" timestamp="18 ago 2017 06:40:51 GMT" time="40.350" errors="0">
  <testcase name="connectionSpeedTest" time="40.350" classname="com.speedtest.net.speedtest.ConnectionSpeedTest"/>
</testsuite> <!-- com.speedtest.net.speedtest.ConnectionSpeedTest -->
